Analysis & Synthesis report for Lab7
Thu Nov 14 16:21:04 2019
Quartus Prime Version 18.1.0 Build 625 09/12/2018 SJ Lite Edition


---------------------
; Table of Contents ;
---------------------
  1. Legal Notice
  2. Analysis & Synthesis Summary
  3. Analysis & Synthesis Settings
  4. Parallel Compilation
  5. Analysis & Synthesis Source Files Read
  6. Analysis & Synthesis Resource Usage Summary
  7. Analysis & Synthesis Resource Utilization by Entity
  8. Registers Removed During Synthesis
  9. General Register Statistics
 10. Inverted Register Statistics
 11. Parameter Settings for User Entity Instance: LPM_COMPARE:inst5
 12. Parameter Settings for User Entity Instance: LPM_COUNTER:inst6
 13. Parameter Settings for User Entity Instance: LPM_COUNTER:inst7
 14. Post-Synthesis Netlist Statistics for Top Partition
 15. Elapsed Time Per Partition
 16. Analysis & Synthesis Messages



----------------
; Legal Notice ;
----------------
Copyright (C) 2018  Intel Corporation. All rights reserved.
Your use of Intel Corporation's design tools, logic functions 
and other software and tools, and its AMPP partner logic 
functions, and any output files from any of the foregoing 
(including device programming or simulation files), and any 
associated documentation or information are expressly subject 
to the terms and conditions of the Intel Program License 
Subscription Agreement, the Intel Quartus Prime License Agreement,
the Intel FPGA IP License Agreement, or other applicable license
agreement, including, without limitation, that your use is for
the sole purpose of programming logic devices manufactured by
Intel and sold by Intel or its authorized distributors.  Please
refer to the applicable agreement for further details.



+----------------------------------------------------------------------------------+
; Analysis & Synthesis Summary                                                     ;
+------------------------------------+---------------------------------------------+
; Analysis & Synthesis Status        ; Successful - Thu Nov 14 16:21:04 2019       ;
; Quartus Prime Version              ; 18.1.0 Build 625 09/12/2018 SJ Lite Edition ;
; Revision Name                      ; Lab7                                        ;
; Top-level Entity Name              ; Lab7                                        ;
; Family                             ; Cyclone IV E                                ;
; Total logic elements               ; 89                                          ;
;     Total combinational functions  ; 89                                          ;
;     Dedicated logic registers      ; 55                                          ;
; Total registers                    ; 55                                          ;
; Total pins                         ; 25                                          ;
; Total virtual pins                 ; 0                                           ;
; Total memory bits                  ; 0                                           ;
; Embedded Multiplier 9-bit elements ; 0                                           ;
; Total PLLs                         ; 0                                           ;
+------------------------------------+---------------------------------------------+


+------------------------------------------------------------------------------------------------------------+
; Analysis & Synthesis Settings                                                                              ;
+------------------------------------------------------------------+--------------------+--------------------+
; Option                                                           ; Setting            ; Default Value      ;
+------------------------------------------------------------------+--------------------+--------------------+
; Device                                                           ; EP4CE115F29C7      ;                    ;
; Top-level entity name                                            ; Lab7               ; Lab7               ;
; Family name                                                      ; Cyclone IV E       ; Cyclone V          ;
; Use smart compilation                                            ; Off                ; Off                ;
; Enable parallel Assembler and Timing Analyzer during compilation ; On                 ; On                 ;
; Enable compact report table                                      ; Off                ; Off                ;
; Restructure Multiplexers                                         ; Auto               ; Auto               ;
; Create Debugging Nodes for IP Cores                              ; Off                ; Off                ;
; Preserve fewer node names                                        ; On                 ; On                 ;
; Intel FPGA IP Evaluation Mode                                    ; Enable             ; Enable             ;
; Verilog Version                                                  ; Verilog_2001       ; Verilog_2001       ;
; VHDL Version                                                     ; VHDL_1993          ; VHDL_1993          ;
; State Machine Processing                                         ; Auto               ; Auto               ;
; Safe State Machine                                               ; Off                ; Off                ;
; Extract Verilog State Machines                                   ; On                 ; On                 ;
; Extract VHDL State Machines                                      ; On                 ; On                 ;
; Ignore Verilog initial constructs                                ; Off                ; Off                ;
; Iteration limit for constant Verilog loops                       ; 5000               ; 5000               ;
; Iteration limit for non-constant Verilog loops                   ; 250                ; 250                ;
; Add Pass-Through Logic to Inferred RAMs                          ; On                 ; On                 ;
; Infer RAMs from Raw Logic                                        ; On                 ; On                 ;
; Parallel Synthesis                                               ; On                 ; On                 ;
; DSP Block Balancing                                              ; Auto               ; Auto               ;
; NOT Gate Push-Back                                               ; On                 ; On                 ;
; Power-Up Don't Care                                              ; On                 ; On                 ;
; Remove Redundant Logic Cells                                     ; Off                ; Off                ;
; Remove Duplicate Registers                                       ; On                 ; On                 ;
; Ignore CARRY Buffers                                             ; Off                ; Off                ;
; Ignore CASCADE Buffers                                           ; Off                ; Off                ;
; Ignore GLOBAL Buffers                                            ; Off                ; Off                ;
; Ignore ROW GLOBAL Buffers                                        ; Off                ; Off                ;
; Ignore LCELL Buffers                                             ; Off                ; Off                ;
; Ignore SOFT Buffers                                              ; On                 ; On                 ;
; Limit AHDL Integers to 32 Bits                                   ; Off                ; Off                ;
; Optimization Technique                                           ; Balanced           ; Balanced           ;
; Carry Chain Length                                               ; 70                 ; 70                 ;
; Auto Carry Chains                                                ; On                 ; On                 ;
; Auto Open-Drain Pins                                             ; On                 ; On                 ;
; Perform WYSIWYG Primitive Resynthesis                            ; Off                ; Off                ;
; Auto ROM Replacement                                             ; On                 ; On                 ;
; Auto RAM Replacement                                             ; On                 ; On                 ;
; Auto DSP Block Replacement                                       ; On                 ; On                 ;
; Auto Shift Register Replacement                                  ; Auto               ; Auto               ;
; Allow Shift Register Merging across Hierarchies                  ; Auto               ; Auto               ;
; Auto Clock Enable Replacement                                    ; On                 ; On                 ;
; Strict RAM Replacement                                           ; Off                ; Off                ;
; Allow Synchronous Control Signals                                ; On                 ; On                 ;
; Force Use of Synchronous Clear Signals                           ; Off                ; Off                ;
; Auto RAM Block Balancing                                         ; On                 ; On                 ;
; Auto RAM to Logic Cell Conversion                                ; Off                ; Off                ;
; Auto Resource Sharing                                            ; Off                ; Off                ;
; Allow Any RAM Size For Recognition                               ; Off                ; Off                ;
; Allow Any ROM Size For Recognition                               ; Off                ; Off                ;
; Allow Any Shift Register Size For Recognition                    ; Off                ; Off                ;
; Use LogicLock Constraints during Resource Balancing              ; On                 ; On                 ;
; Ignore translate_off and synthesis_off directives                ; Off                ; Off                ;
; Timing-Driven Synthesis                                          ; On                 ; On                 ;
; Report Parameter Settings                                        ; On                 ; On                 ;
; Report Source Assignments                                        ; On                 ; On                 ;
; Report Connectivity Checks                                       ; On                 ; On                 ;
; Ignore Maximum Fan-Out Assignments                               ; Off                ; Off                ;
; Synchronization Register Chain Length                            ; 2                  ; 2                  ;
; Power Optimization During Synthesis                              ; Normal compilation ; Normal compilation ;
; HDL message level                                                ; Level2             ; Level2             ;
; Suppress Register Optimization Related Messages                  ; Off                ; Off                ;
; Number of Removed Registers Reported in Synthesis Report         ; 5000               ; 5000               ;
; Number of Swept Nodes Reported in Synthesis Report               ; 5000               ; 5000               ;
; Number of Inverted Registers Reported in Synthesis Report        ; 100                ; 100                ;
; Clock MUX Protection                                             ; On                 ; On                 ;
; Auto Gated Clock Conversion                                      ; Off                ; Off                ;
; Block Design Naming                                              ; Auto               ; Auto               ;
; SDC constraint protection                                        ; Off                ; Off                ;
; Synthesis Effort                                                 ; Auto               ; Auto               ;
; Shift Register Replacement - Allow Asynchronous Clear Signal     ; On                 ; On                 ;
; Pre-Mapping Resynthesis Optimization                             ; Off                ; Off                ;
; Analysis & Synthesis Message Level                               ; Medium             ; Medium             ;
; Disable Register Merging Across Hierarchies                      ; Auto               ; Auto               ;
; Resource Aware Inference For Block RAM                           ; On                 ; On                 ;
+------------------------------------------------------------------+--------------------+--------------------+


+------------------------------------------+
; Parallel Compilation                     ;
+----------------------------+-------------+
; Processors                 ; Number      ;
+----------------------------+-------------+
; Number detected on machine ; 4           ;
; Maximum allowed            ; 4           ;
;                            ;             ;
; Average used               ; 1.00        ;
; Maximum used               ; 4           ;
;                            ;             ;
; Usage by Processor         ; % Time Used ;
;     Processor 1            ; 100.0%      ;
;     Processor 2            ;   0.0%      ;
;     Processors 3-4         ;   0.0%      ;
+----------------------------+-------------+


+-----------------------------------------------------------------------------------------------------------------------------------------------------------------------------------------------+
; Analysis & Synthesis Source Files Read                                                                                                                                                        ;
+----------------------------------+-----------------+------------------------------------------+-------------------------------------------------------------------------------------+---------+
; File Name with User-Entered Path ; Used in Netlist ; File Type                                ; File Name with Absolute Path                                                        ; Library ;
+----------------------------------+-----------------+------------------------------------------+-------------------------------------------------------------------------------------+---------+
; lab7.bdf                         ; yes             ; Auto-Found Block Diagram/Schematic File  ; Z:/dcengr/Labs/Lab7/lab7.bdf                                                        ;         ;
; spec_7seg.v                      ; yes             ; Auto-Found Verilog HDL File              ; Z:/dcengr/Labs/Lab7/spec_7seg.v                                                     ;         ;
; my_status_code_continuous.v      ; yes             ; Auto-Found Verilog HDL File              ; Z:/dcengr/Labs/Lab7/my_status_code_continuous.v                                     ;         ;
; lpm_compare.tdf                  ; yes             ; Megafunction                             ; c:/apps/intelfpga_lite/18.1/quartus/libraries/megafunctions/lpm_compare.tdf         ;         ;
; comptree.inc                     ; yes             ; Megafunction                             ; c:/apps/intelfpga_lite/18.1/quartus/libraries/megafunctions/comptree.inc            ;         ;
; altshift.inc                     ; yes             ; Megafunction                             ; c:/apps/intelfpga_lite/18.1/quartus/libraries/megafunctions/altshift.inc            ;         ;
; aglobal181.inc                   ; yes             ; Megafunction                             ; c:/apps/intelfpga_lite/18.1/quartus/libraries/megafunctions/aglobal181.inc          ;         ;
; db/cmpr_d5f.tdf                  ; yes             ; Auto-Generated Megafunction              ; Z:/dcengr/Labs/Lab7/db/cmpr_d5f.tdf                                                 ;         ;
; lpm_counter.tdf                  ; yes             ; Megafunction                             ; c:/apps/intelfpga_lite/18.1/quartus/libraries/megafunctions/lpm_counter.tdf         ;         ;
; lpm_constant.inc                 ; yes             ; Megafunction                             ; c:/apps/intelfpga_lite/18.1/quartus/libraries/megafunctions/lpm_constant.inc        ;         ;
; lpm_decode.inc                   ; yes             ; Megafunction                             ; c:/apps/intelfpga_lite/18.1/quartus/libraries/megafunctions/lpm_decode.inc          ;         ;
; lpm_add_sub.inc                  ; yes             ; Megafunction                             ; c:/apps/intelfpga_lite/18.1/quartus/libraries/megafunctions/lpm_add_sub.inc         ;         ;
; cmpconst.inc                     ; yes             ; Megafunction                             ; c:/apps/intelfpga_lite/18.1/quartus/libraries/megafunctions/cmpconst.inc            ;         ;
; lpm_compare.inc                  ; yes             ; Megafunction                             ; c:/apps/intelfpga_lite/18.1/quartus/libraries/megafunctions/lpm_compare.inc         ;         ;
; lpm_counter.inc                  ; yes             ; Megafunction                             ; c:/apps/intelfpga_lite/18.1/quartus/libraries/megafunctions/lpm_counter.inc         ;         ;
; dffeea.inc                       ; yes             ; Megafunction                             ; c:/apps/intelfpga_lite/18.1/quartus/libraries/megafunctions/dffeea.inc              ;         ;
; alt_counter_stratix.inc          ; yes             ; Megafunction                             ; c:/apps/intelfpga_lite/18.1/quartus/libraries/megafunctions/alt_counter_stratix.inc ;         ;
; db/cntr_kdi.tdf                  ; yes             ; Auto-Generated Megafunction              ; Z:/dcengr/Labs/Lab7/db/cntr_kdi.tdf                                                 ;         ;
; clock_module.v                   ; yes             ; Auto-Found Verilog HDL File              ; Z:/dcengr/Labs/Lab7/clock_module.v                                                  ;         ;
; clock_counter.v                  ; yes             ; Auto-Found Verilog HDL File              ; Z:/dcengr/Labs/Lab7/clock_counter.v                                                 ;         ;
; db/cntr_7ki.tdf                  ; yes             ; Auto-Generated Megafunction              ; Z:/dcengr/Labs/Lab7/db/cntr_7ki.tdf                                                 ;         ;
+----------------------------------+-----------------+------------------------------------------+-------------------------------------------------------------------------------------+---------+


+--------------------------------------------------------------+
; Analysis & Synthesis Resource Usage Summary                  ;
+---------------------------------------------+----------------+
; Resource                                    ; Usage          ;
+---------------------------------------------+----------------+
; Estimated Total logic elements              ; 89             ;
;                                             ;                ;
; Total combinational functions               ; 89             ;
; Logic element usage by number of LUT inputs ;                ;
;     -- 4 input functions                    ; 10             ;
;     -- 3 input functions                    ; 11             ;
;     -- <=2 input functions                  ; 68             ;
;                                             ;                ;
; Logic elements by mode                      ;                ;
;     -- normal mode                          ; 47             ;
;     -- arithmetic mode                      ; 42             ;
;                                             ;                ;
; Total registers                             ; 55             ;
;     -- Dedicated logic registers            ; 55             ;
;     -- I/O registers                        ; 0              ;
;                                             ;                ;
; I/O pins                                    ; 25             ;
;                                             ;                ;
; Embedded Multiplier 9-bit elements          ; 0              ;
;                                             ;                ;
; Maximum fan-out node                        ; CLOCK_50~input ;
; Maximum fan-out                             ; 36             ;
; Total fan-out                               ; 350            ;
; Average fan-out                             ; 1.80           ;
+---------------------------------------------+----------------+


+---------------------------------------------------------------------------------------------------------------------------------------------------------------------------------------------------------------------------------------------+
; Analysis & Synthesis Resource Utilization by Entity                                                                                                                                                                                         ;
+---------------------------------+---------------------+---------------------------+-------------+--------------+---------+-----------+------+--------------+-------------------------------------------------+---------------+--------------+
; Compilation Hierarchy Node      ; Combinational ALUTs ; Dedicated Logic Registers ; Memory Bits ; DSP Elements ; DSP 9x9 ; DSP 18x18 ; Pins ; Virtual Pins ; Full Hierarchy Name                             ; Entity Name   ; Library Name ;
+---------------------------------+---------------------+---------------------------+-------------+--------------+---------+-----------+------+--------------+-------------------------------------------------+---------------+--------------+
; |Lab7                           ; 89 (0)              ; 55 (0)                    ; 0           ; 0            ; 0       ; 0         ; 25   ; 0            ; |Lab7                                           ; Lab7          ; work         ;
;    |clock_module:inst4|         ; 79 (34)             ; 51 (15)                   ; 0           ; 0            ; 0       ; 0         ; 0    ; 0            ; |Lab7|clock_module:inst4                        ; clock_module  ; work         ;
;       |clock_counter:cc|        ; 45 (45)             ; 36 (36)                   ; 0           ; 0            ; 0       ; 0         ; 0    ; 0            ; |Lab7|clock_module:inst4|clock_counter:cc       ; clock_counter ; work         ;
;    |lpm_counter:inst6|          ; 2 (0)               ; 2 (0)                     ; 0           ; 0            ; 0       ; 0         ; 0    ; 0            ; |Lab7|lpm_counter:inst6                         ; lpm_counter   ; work         ;
;       |cntr_kdi:auto_generated| ; 2 (2)               ; 2 (2)                     ; 0           ; 0            ; 0       ; 0         ; 0    ; 0            ; |Lab7|lpm_counter:inst6|cntr_kdi:auto_generated ; cntr_kdi      ; work         ;
;    |lpm_counter:inst7|          ; 2 (0)               ; 2 (0)                     ; 0           ; 0            ; 0       ; 0         ; 0    ; 0            ; |Lab7|lpm_counter:inst7                         ; lpm_counter   ; work         ;
;       |cntr_7ki:auto_generated| ; 2 (2)               ; 2 (2)                     ; 0           ; 0            ; 0       ; 0         ; 0    ; 0            ; |Lab7|lpm_counter:inst7|cntr_7ki:auto_generated ; cntr_7ki      ; work         ;
;    |spec_7seg:inst1|            ; 2 (2)               ; 0 (0)                     ; 0           ; 0            ; 0       ; 0         ; 0    ; 0            ; |Lab7|spec_7seg:inst1                           ; spec_7seg     ; work         ;
;    |spec_7seg:inst2|            ; 2 (2)               ; 0 (0)                     ; 0           ; 0            ; 0       ; 0         ; 0    ; 0            ; |Lab7|spec_7seg:inst2                           ; spec_7seg     ; work         ;
;    |spec_7seg:inst|             ; 2 (2)               ; 0 (0)                     ; 0           ; 0            ; 0       ; 0         ; 0    ; 0            ; |Lab7|spec_7seg:inst                            ; spec_7seg     ; work         ;
+---------------------------------+---------------------+---------------------------+-------------+--------------+---------+-----------+------+--------------+-------------------------------------------------+---------------+--------------+
Note: For table entries with two numbers listed, the numbers in parentheses indicate the number of resources of the given type used by the specific entity alone. The numbers listed outside of parentheses indicate the total resources of the given type used by the specific entity and all of its sub-entities in the hierarchy.


+------------------------------------------------------------+
; Registers Removed During Synthesis                         ;
+---------------------------------------+--------------------+
; Register name                         ; Reason for Removal ;
+---------------------------------------+--------------------+
; clock_module:inst4|clk1_counter[7]    ; Lost fanout        ;
; Total Number of Removed Registers = 1 ;                    ;
+---------------------------------------+--------------------+


+------------------------------------------------------+
; General Register Statistics                          ;
+----------------------------------------------+-------+
; Statistic                                    ; Value ;
+----------------------------------------------+-------+
; Total registers                              ; 55    ;
; Number of registers using Synchronous Clear  ; 16    ;
; Number of registers using Synchronous Load   ; 0     ;
; Number of registers using Asynchronous Clear ; 0     ;
; Number of registers using Asynchronous Load  ; 0     ;
; Number of registers using Clock Enable       ; 4     ;
; Number of registers using Preset             ; 0     ;
+----------------------------------------------+-------+


+---------------------------------------------------+
; Inverted Register Statistics                      ;
+-----------------------------------------+---------+
; Inverted Register                       ; Fan out ;
+-----------------------------------------+---------+
; clock_module:inst4|clk1_counter[0]      ; 3       ;
; clock_module:inst4|clk1_counter[4]      ; 2       ;
; clock_module:inst4|clk1_counter[3]      ; 2       ;
; clock_module:inst4|clk1_counter[6]      ; 2       ;
; clock_module:inst4|clk2_counter[1]      ; 2       ;
; clock_module:inst4|clk2_counter[5]      ; 2       ;
; clock_module:inst4|clk2_counter[4]      ; 2       ;
; clock_module:inst4|clk2_counter[7]      ; 2       ;
; clock_module:inst4|clk1_counter[2]      ; 1       ;
; clock_module:inst4|clk1_counter[1]      ; 1       ;
; clock_module:inst4|clk1_counter[5]      ; 1       ;
; clock_module:inst4|clk2_counter[0]      ; 2       ;
; clock_module:inst4|clk2_counter[3]      ; 1       ;
; clock_module:inst4|clk2_counter[2]      ; 1       ;
; clock_module:inst4|clk2_counter[6]      ; 1       ;
; Total number of inverted registers = 15 ;         ;
+-----------------------------------------+---------+


+----------------------------------------------------------------+
; Parameter Settings for User Entity Instance: LPM_COMPARE:inst5 ;
+------------------------+--------------+------------------------+
; Parameter Name         ; Value        ; Type                   ;
+------------------------+--------------+------------------------+
; lpm_width              ; 4            ; Untyped                ;
; LPM_REPRESENTATION     ; UNSIGNED     ; Untyped                ;
; LPM_PIPELINE           ; 0            ; Untyped                ;
; CHAIN_SIZE             ; 8            ; Untyped                ;
; ONE_INPUT_IS_CONSTANT  ; NO           ; Untyped                ;
; CARRY_CHAIN            ; MANUAL       ; Untyped                ;
; CASCADE_CHAIN          ; MANUAL       ; Untyped                ;
; CARRY_CHAIN_LENGTH     ; 48           ; CARRY_CHAIN_LENGTH     ;
; CASCADE_CHAIN_LENGTH   ; 2            ; CASCADE_CHAIN_LENGTH   ;
; DEVICE_FAMILY          ; Cyclone IV E ; Untyped                ;
; CBXI_PARAMETER         ; cmpr_d5f     ; Untyped                ;
; AUTO_CARRY_CHAINS      ; ON           ; AUTO_CARRY             ;
; IGNORE_CARRY_BUFFERS   ; OFF          ; IGNORE_CARRY           ;
; AUTO_CASCADE_CHAINS    ; ON           ; AUTO_CASCADE           ;
; IGNORE_CASCADE_BUFFERS ; OFF          ; IGNORE_CASCADE         ;
+------------------------+--------------+------------------------+
Note: In order to hide this table in the UI and the text report file, please set the "Show Parameter Settings in Synthesis Report" option in "Analysis and Synthesis Settings -> More Settings" to "Off".


+-----------------------------------------------------------------+
; Parameter Settings for User Entity Instance: LPM_COUNTER:inst6  ;
+------------------------+-------------------+--------------------+
; Parameter Name         ; Value             ; Type               ;
+------------------------+-------------------+--------------------+
; AUTO_CARRY_CHAINS      ; ON                ; AUTO_CARRY         ;
; IGNORE_CARRY_BUFFERS   ; OFF               ; IGNORE_CARRY       ;
; AUTO_CASCADE_CHAINS    ; ON                ; AUTO_CASCADE       ;
; IGNORE_CASCADE_BUFFERS ; OFF               ; IGNORE_CASCADE     ;
; LPM_WIDTH              ; 2                 ; Untyped            ;
; LPM_DIRECTION          ; UP                ; Untyped            ;
; LPM_MODULUS            ; 0                 ; Untyped            ;
; LPM_AVALUE             ; UNUSED            ; Untyped            ;
; LPM_SVALUE             ; UNUSED            ; Untyped            ;
; LPM_PORT_UPDOWN        ; PORT_CONNECTIVITY ; Untyped            ;
; DEVICE_FAMILY          ; Cyclone IV E      ; Untyped            ;
; CARRY_CHAIN            ; MANUAL            ; Untyped            ;
; CARRY_CHAIN_LENGTH     ; 48                ; CARRY_CHAIN_LENGTH ;
; NOT_GATE_PUSH_BACK     ; ON                ; NOT_GATE_PUSH_BACK ;
; CARRY_CNT_EN           ; SMART             ; Untyped            ;
; LABWIDE_SCLR           ; ON                ; Untyped            ;
; USE_NEW_VERSION        ; TRUE              ; Untyped            ;
; CBXI_PARAMETER         ; cntr_kdi          ; Untyped            ;
+------------------------+-------------------+--------------------+
Note: In order to hide this table in the UI and the text report file, please set the "Show Parameter Settings in Synthesis Report" option in "Analysis and Synthesis Settings -> More Settings" to "Off".


+-----------------------------------------------------------------+
; Parameter Settings for User Entity Instance: LPM_COUNTER:inst7  ;
+------------------------+-------------------+--------------------+
; Parameter Name         ; Value             ; Type               ;
+------------------------+-------------------+--------------------+
; AUTO_CARRY_CHAINS      ; ON                ; AUTO_CARRY         ;
; IGNORE_CARRY_BUFFERS   ; OFF               ; IGNORE_CARRY       ;
; AUTO_CASCADE_CHAINS    ; ON                ; AUTO_CASCADE       ;
; IGNORE_CASCADE_BUFFERS ; OFF               ; IGNORE_CASCADE     ;
; LPM_WIDTH              ; 2                 ; Untyped            ;
; LPM_DIRECTION          ; DOWN              ; Untyped            ;
; LPM_MODULUS            ; 0                 ; Untyped            ;
; LPM_AVALUE             ; UNUSED            ; Untyped            ;
; LPM_SVALUE             ; UNUSED            ; Untyped            ;
; LPM_PORT_UPDOWN        ; PORT_CONNECTIVITY ; Untyped            ;
; DEVICE_FAMILY          ; Cyclone IV E      ; Untyped            ;
; CARRY_CHAIN            ; MANUAL            ; Untyped            ;
; CARRY_CHAIN_LENGTH     ; 48                ; CARRY_CHAIN_LENGTH ;
; NOT_GATE_PUSH_BACK     ; ON                ; NOT_GATE_PUSH_BACK ;
; CARRY_CNT_EN           ; SMART             ; Untyped            ;
; LABWIDE_SCLR           ; ON                ; Untyped            ;
; USE_NEW_VERSION        ; TRUE              ; Untyped            ;
; CBXI_PARAMETER         ; cntr_7ki          ; Untyped            ;
+------------------------+-------------------+--------------------+
Note: In order to hide this table in the UI and the text report file, please set the "Show Parameter Settings in Synthesis Report" option in "Analysis and Synthesis Settings -> More Settings" to "Off".


+-----------------------------------------------------+
; Post-Synthesis Netlist Statistics for Top Partition ;
+-----------------------+-----------------------------+
; Type                  ; Count                       ;
+-----------------------+-----------------------------+
; boundary_port         ; 25                          ;
; cycloneiii_ff         ; 55                          ;
;     ENA               ; 4                           ;
;     SCLR              ; 16                          ;
;     plain             ; 35                          ;
; cycloneiii_lcell_comb ; 96                          ;
;     arith             ; 42                          ;
;         1 data inputs ; 1                           ;
;         2 data inputs ; 36                          ;
;         3 data inputs ; 5                           ;
;     normal            ; 54                          ;
;         0 data inputs ; 2                           ;
;         1 data inputs ; 28                          ;
;         2 data inputs ; 8                           ;
;         3 data inputs ; 6                           ;
;         4 data inputs ; 10                          ;
;                       ;                             ;
; Max LUT depth         ; 3.00                        ;
; Average LUT depth     ; 2.02                        ;
+-----------------------+-----------------------------+


+-------------------------------+
; Elapsed Time Per Partition    ;
+----------------+--------------+
; Partition Name ; Elapsed Time ;
+----------------+--------------+
; Top            ; 00:00:02     ;
+----------------+--------------+


+-------------------------------+
; Analysis & Synthesis Messages ;
+-------------------------------+
Info: *******************************************************************
Info: Running Quartus Prime Analysis & Synthesis
    Info: Version 18.1.0 Build 625 09/12/2018 SJ Lite Edition
    Info: Processing started: Thu Nov 14 16:20:21 2019
Info: Command: quartus_map --read_settings_files=on --write_settings_files=off Lab7 -c Lab7
Warning (18236): Number of processors has not been specified which may cause overloading on shared machines.  Set the global assignment NUM_PARALLEL_PROCESSORS in your QSF to an appropriate value for best performance.
Info (20030): Parallel compilation is enabled and will use 4 of the 4 processors detected
Warning (12019): Can't analyze file -- file Lab7_assignment_defaults.bdf is missing
Warning (12019): Can't analyze file -- file sev_seg.v is missing
Warning (12019): Can't analyze file -- file mux4to1.v is missing
Warning (12125): Using design file lab7.bdf, which is not specified as a design file for the current project, but contains definitions for 1 design units and 1 entities in project
    Info (12023): Found entity 1: Lab7
Info (12127): Elaborating entity "Lab7" for the top level hierarchy
Warning (275004): Undeclared parameter UP
Warning (275006): Can't find a definition for parameter LPM_DIRECTION -- assuming UP was intended to be a quoted string
Warning (275004): Undeclared parameter DOWN
Warning (275006): Can't find a definition for parameter LPM_DIRECTION -- assuming DOWN was intended to be a quoted string
Warning (12125): Using design file spec_7seg.v, which is not specified as a design file for the current project, but contains definitions for 1 design units and 1 entities in project
    Info (12023): Found entity 1: spec_7seg File: Z:/dcengr/Labs/Lab7/spec_7seg.v Line: 1
Info (12128): Elaborating entity "spec_7seg" for hierarchy "spec_7seg:inst2"
Warning (12125): Using design file my_status_code_continuous.v, which is not specified as a design file for the current project, but contains definitions for 1 design units and 1 entities in project
    Info (12023): Found entity 1: my_status_code_continuous File: Z:/dcengr/Labs/Lab7/my_status_code_continuous.v Line: 1
Info (12128): Elaborating entity "my_status_code_continuous" for hierarchy "my_status_code_continuous:inst3"
Info (12128): Elaborating entity "LPM_COMPARE" for hierarchy "LPM_COMPARE:inst5"
Info (12130): Elaborated megafunction instantiation "LPM_COMPARE:inst5"
Info (12133): Instantiated megafunction "LPM_COMPARE:inst5" with the following parameter:
    Info (12134): Parameter "LPM_PIPELINE" = "0"
    Info (12134): Parameter "LPM_WIDTH" = "4"
Info (12021): Found 1 design units, including 1 entities, in source file db/cmpr_d5f.tdf
    Info (12023): Found entity 1: cmpr_d5f File: Z:/dcengr/Labs/Lab7/db/cmpr_d5f.tdf Line: 22
Info (12128): Elaborating entity "cmpr_d5f" for hierarchy "LPM_COMPARE:inst5|cmpr_d5f:auto_generated" File: c:/apps/intelfpga_lite/18.1/quartus/libraries/megafunctions/lpm_compare.tdf Line: 280
Info (12128): Elaborating entity "LPM_COUNTER" for hierarchy "LPM_COUNTER:inst6"
Info (12130): Elaborated megafunction instantiation "LPM_COUNTER:inst6"
Info (12133): Instantiated megafunction "LPM_COUNTER:inst6" with the following parameter:
    Info (12134): Parameter "LPM_DIRECTION" = "UP"
    Info (12134): Parameter "LPM_WIDTH" = "2"
Info (12021): Found 1 design units, including 1 entities, in source file db/cntr_kdi.tdf
    Info (12023): Found entity 1: cntr_kdi File: Z:/dcengr/Labs/Lab7/db/cntr_kdi.tdf Line: 25
Info (12128): Elaborating entity "cntr_kdi" for hierarchy "LPM_COUNTER:inst6|cntr_kdi:auto_generated" File: c:/apps/intelfpga_lite/18.1/quartus/libraries/megafunctions/lpm_counter.tdf Line: 258
Warning (12125): Using design file clock_module.v, which is not specified as a design file for the current project, but contains definitions for 1 design units and 1 entities in project
    Info (12023): Found entity 1: clock_module File: Z:/dcengr/Labs/Lab7/clock_module.v Line: 1
Info (12128): Elaborating entity "clock_module" for hierarchy "clock_module:inst4"
Warning (10240): Verilog HDL Always Construct warning at clock_module.v(34): inferring latch(es) for variable "clk1", which holds its previous value in one or more paths through the always construct File: Z:/dcengr/Labs/Lab7/clock_module.v Line: 34
Warning (10240): Verilog HDL Always Construct warning at clock_module.v(34): inferring latch(es) for variable "clk2", which holds its previous value in one or more paths through the always construct File: Z:/dcengr/Labs/Lab7/clock_module.v Line: 34
Info (10041): Inferred latch for "clk2" at clock_module.v(34) File: Z:/dcengr/Labs/Lab7/clock_module.v Line: 34
Info (10041): Inferred latch for "clk1" at clock_module.v(34) File: Z:/dcengr/Labs/Lab7/clock_module.v Line: 34
Warning (12125): Using design file clock_counter.v, which is not specified as a design file for the current project, but contains definitions for 1 design units and 1 entities in project
    Info (12023): Found entity 1: clock_counter File: Z:/dcengr/Labs/Lab7/clock_counter.v Line: 16
Info (12128): Elaborating entity "clock_counter" for hierarchy "clock_module:inst4|clock_counter:cc" File: Z:/dcengr/Labs/Lab7/clock_module.v Line: 14
Info (12128): Elaborating entity "LPM_COUNTER" for hierarchy "LPM_COUNTER:inst7"
Info (12130): Elaborated megafunction instantiation "LPM_COUNTER:inst7"
Info (12133): Instantiated megafunction "LPM_COUNTER:inst7" with the following parameter:
    Info (12134): Parameter "LPM_DIRECTION" = "DOWN"
    Info (12134): Parameter "LPM_WIDTH" = "2"
Info (12021): Found 1 design units, including 1 entities, in source file db/cntr_7ki.tdf
    Info (12023): Found entity 1: cntr_7ki File: Z:/dcengr/Labs/Lab7/db/cntr_7ki.tdf Line: 25
Info (12128): Elaborating entity "cntr_7ki" for hierarchy "LPM_COUNTER:inst7|cntr_7ki:auto_generated" File: c:/apps/intelfpga_lite/18.1/quartus/libraries/megafunctions/lpm_counter.tdf Line: 258
Warning (14026): LATCH primitive "clock_module:inst4|clk2" is permanently enabled File: Z:/dcengr/Labs/Lab7/clock_module.v Line: 4
Warning (14026): LATCH primitive "clock_module:inst4|clk1" is permanently enabled File: Z:/dcengr/Labs/Lab7/clock_module.v Line: 3
Warning (19016): Clock multiplexers are found and protected
    Warning (19017): Found clock multiplexer clock_module:inst4|clk1~0 File: Z:/dcengr/Labs/Lab7/clock_module.v Line: 3
    Warning (19017): Found clock multiplexer clock_module:inst4|clk2~0 File: Z:/dcengr/Labs/Lab7/clock_module.v Line: 4
Warning (13024): Output pins are stuck at VCC or GND
    Warning (13410): Pin "HEX0[5]" is stuck at GND
    Warning (13410): Pin "HEX0[3]" is stuck at VCC
    Warning (13410): Pin "HEX0[2]" is stuck at GND
    Warning (13410): Pin "HEX0[0]" is stuck at VCC
    Warning (13410): Pin "HEX1[5]" is stuck at VCC
    Warning (13410): Pin "HEX1[4]" is stuck at VCC
    Warning (13410): Pin "HEX1[2]" is stuck at VCC
    Warning (13410): Pin "HEX1[1]" is stuck at VCC
    Warning (13410): Pin "HEX2[5]" is stuck at VCC
    Warning (13410): Pin "HEX2[4]" is stuck at VCC
    Warning (13410): Pin "HEX2[2]" is stuck at VCC
    Warning (13410): Pin "HEX2[1]" is stuck at VCC
Info (286030): Timing-Driven Synthesis is running
Info (17049): 1 registers lost all their fanouts during netlist optimizations.
Info (16010): Generating hard_block partition "hard_block:auto_generated_inst"
    Info (16011): Adding 0 node(s), including 0 DDIO, 0 PLL, 0 transceiver and 0 LCELL
Info (21057): Implemented 116 device resources after synthesis - the final resource count might be different
    Info (21058): Implemented 4 input pins
    Info (21059): Implemented 21 output pins
    Info (21061): Implemented 91 logic cells
Info: Quartus Prime Analysis & Synthesis was successful. 0 errors, 33 warnings
    Info: Peak virtual memory: 667 megabytes
    Info: Processing ended: Thu Nov 14 16:21:04 2019
    Info: Elapsed time: 00:00:43
    Info: Total CPU time (on all processors): 00:00:34


