Analysis & Synthesis report for Lab9
Thu Dec 05 17:50:10 2019
Quartus Prime Version 18.1.0 Build 625 09/12/2018 SJ Lite Edition


---------------------
; Table of Contents ;
---------------------
  1. Legal Notice
  2. Analysis & Synthesis Summary
  3. Analysis & Synthesis Settings
  4. Parallel Compilation
  5. Analysis & Synthesis Source Files Read
  6. Analysis & Synthesis Resource Usage Summary
  7. Analysis & Synthesis Resource Utilization by Entity
  8. State Machine - |Lab9|pong_controller2:inst2|PSTATE
  9. User-Specified and Inferred Latches
 10. Registers Removed During Synthesis
 11. General Register Statistics
 12. Inverted Register Statistics
 13. Multiplexer Restructuring Statistics (Restructuring Performed)
 14. Parameter Settings for User Entity Instance: pong_controller2:inst2
 15. Post-Synthesis Netlist Statistics for Top Partition
 16. Elapsed Time Per Partition
 17. Analysis & Synthesis Messages
 18. Analysis & Synthesis Suppressed Messages



----------------
; Legal Notice ;
----------------
Copyright (C) 2018  Intel Corporation. All rights reserved.
Your use of Intel Corporation's design tools, logic functions 
and other software and tools, and its AMPP partner logic 
functions, and any output files from any of the foregoing 
(including device programming or simulation files), and any 
associated documentation or information are expressly subject 
to the terms and conditions of the Intel Program License 
Subscription Agreement, the Intel Quartus Prime License Agreement,
the Intel FPGA IP License Agreement, or other applicable license
agreement, including, without limitation, that your use is for
the sole purpose of programming logic devices manufactured by
Intel and sold by Intel or its authorized distributors.  Please
refer to the applicable agreement for further details.



+----------------------------------------------------------------------------------+
; Analysis & Synthesis Summary                                                     ;
+------------------------------------+---------------------------------------------+
; Analysis & Synthesis Status        ; Successful - Thu Dec 05 17:50:09 2019       ;
; Quartus Prime Version              ; 18.1.0 Build 625 09/12/2018 SJ Lite Edition ;
; Revision Name                      ; Lab9                                        ;
; Top-level Entity Name              ; Lab9                                        ;
; Family                             ; Cyclone IV E                                ;
; Total logic elements               ; 98                                          ;
;     Total combinational functions  ; 98                                          ;
;     Dedicated logic registers      ; 53                                          ;
; Total registers                    ; 53                                          ;
; Total pins                         ; 34                                          ;
; Total virtual pins                 ; 0                                           ;
; Total memory bits                  ; 0                                           ;
; Embedded Multiplier 9-bit elements ; 0                                           ;
; Total PLLs                         ; 0                                           ;
+------------------------------------+---------------------------------------------+


+------------------------------------------------------------------------------------------------------------+
; Analysis & Synthesis Settings                                                                              ;
+------------------------------------------------------------------+--------------------+--------------------+
; Option                                                           ; Setting            ; Default Value      ;
+------------------------------------------------------------------+--------------------+--------------------+
; Device                                                           ; EP4CE115F29C7      ;                    ;
; Top-level entity name                                            ; Lab9               ; Lab9               ;
; Family name                                                      ; Cyclone IV E       ; Cyclone V          ;
; Use smart compilation                                            ; Off                ; Off                ;
; Enable parallel Assembler and Timing Analyzer during compilation ; On                 ; On                 ;
; Enable compact report table                                      ; Off                ; Off                ;
; Restructure Multiplexers                                         ; Auto               ; Auto               ;
; Create Debugging Nodes for IP Cores                              ; Off                ; Off                ;
; Preserve fewer node names                                        ; On                 ; On                 ;
; Intel FPGA IP Evaluation Mode                                    ; Enable             ; Enable             ;
; Verilog Version                                                  ; Verilog_2001       ; Verilog_2001       ;
; VHDL Version                                                     ; VHDL_1993          ; VHDL_1993          ;
; State Machine Processing                                         ; Auto               ; Auto               ;
; Safe State Machine                                               ; Off                ; Off                ;
; Extract Verilog State Machines                                   ; On                 ; On                 ;
; Extract VHDL State Machines                                      ; On                 ; On                 ;
; Ignore Verilog initial constructs                                ; Off                ; Off                ;
; Iteration limit for constant Verilog loops                       ; 5000               ; 5000               ;
; Iteration limit for non-constant Verilog loops                   ; 250                ; 250                ;
; Add Pass-Through Logic to Inferred RAMs                          ; On                 ; On                 ;
; Infer RAMs from Raw Logic                                        ; On                 ; On                 ;
; Parallel Synthesis                                               ; On                 ; On                 ;
; DSP Block Balancing                                              ; Auto               ; Auto               ;
; NOT Gate Push-Back                                               ; On                 ; On                 ;
; Power-Up Don't Care                                              ; On                 ; On                 ;
; Remove Redundant Logic Cells                                     ; Off                ; Off                ;
; Remove Duplicate Registers                                       ; On                 ; On                 ;
; Ignore CARRY Buffers                                             ; Off                ; Off                ;
; Ignore CASCADE Buffers                                           ; Off                ; Off                ;
; Ignore GLOBAL Buffers                                            ; Off                ; Off                ;
; Ignore ROW GLOBAL Buffers                                        ; Off                ; Off                ;
; Ignore LCELL Buffers                                             ; Off                ; Off                ;
; Ignore SOFT Buffers                                              ; On                 ; On                 ;
; Limit AHDL Integers to 32 Bits                                   ; Off                ; Off                ;
; Optimization Technique                                           ; Balanced           ; Balanced           ;
; Carry Chain Length                                               ; 70                 ; 70                 ;
; Auto Carry Chains                                                ; On                 ; On                 ;
; Auto Open-Drain Pins                                             ; On                 ; On                 ;
; Perform WYSIWYG Primitive Resynthesis                            ; Off                ; Off                ;
; Auto ROM Replacement                                             ; On                 ; On                 ;
; Auto RAM Replacement                                             ; On                 ; On                 ;
; Auto DSP Block Replacement                                       ; On                 ; On                 ;
; Auto Shift Register Replacement                                  ; Auto               ; Auto               ;
; Allow Shift Register Merging across Hierarchies                  ; Auto               ; Auto               ;
; Auto Clock Enable Replacement                                    ; On                 ; On                 ;
; Strict RAM Replacement                                           ; Off                ; Off                ;
; Allow Synchronous Control Signals                                ; On                 ; On                 ;
; Force Use of Synchronous Clear Signals                           ; Off                ; Off                ;
; Auto RAM Block Balancing                                         ; On                 ; On                 ;
; Auto RAM to Logic Cell Conversion                                ; Off                ; Off                ;
; Auto Resource Sharing                                            ; Off                ; Off                ;
; Allow Any RAM Size For Recognition                               ; Off                ; Off                ;
; Allow Any ROM Size For Recognition                               ; Off                ; Off                ;
; Allow Any Shift Register Size For Recognition                    ; Off                ; Off                ;
; Use LogicLock Constraints during Resource Balancing              ; On                 ; On                 ;
; Ignore translate_off and synthesis_off directives                ; Off                ; Off                ;
; Timing-Driven Synthesis                                          ; On                 ; On                 ;
; Report Parameter Settings                                        ; On                 ; On                 ;
; Report Source Assignments                                        ; On                 ; On                 ;
; Report Connectivity Checks                                       ; On                 ; On                 ;
; Ignore Maximum Fan-Out Assignments                               ; Off                ; Off                ;
; Synchronization Register Chain Length                            ; 2                  ; 2                  ;
; Power Optimization During Synthesis                              ; Normal compilation ; Normal compilation ;
; HDL message level                                                ; Level2             ; Level2             ;
; Suppress Register Optimization Related Messages                  ; Off                ; Off                ;
; Number of Removed Registers Reported in Synthesis Report         ; 5000               ; 5000               ;
; Number of Swept Nodes Reported in Synthesis Report               ; 5000               ; 5000               ;
; Number of Inverted Registers Reported in Synthesis Report        ; 100                ; 100                ;
; Clock MUX Protection                                             ; On                 ; On                 ;
; Auto Gated Clock Conversion                                      ; Off                ; Off                ;
; Block Design Naming                                              ; Auto               ; Auto               ;
; SDC constraint protection                                        ; Off                ; Off                ;
; Synthesis Effort                                                 ; Auto               ; Auto               ;
; Shift Register Replacement - Allow Asynchronous Clear Signal     ; On                 ; On                 ;
; Pre-Mapping Resynthesis Optimization                             ; Off                ; Off                ;
; Analysis & Synthesis Message Level                               ; Medium             ; Medium             ;
; Disable Register Merging Across Hierarchies                      ; Auto               ; Auto               ;
; Resource Aware Inference For Block RAM                           ; On                 ; On                 ;
+------------------------------------------------------------------+--------------------+--------------------+


+------------------------------------------+
; Parallel Compilation                     ;
+----------------------------+-------------+
; Processors                 ; Number      ;
+----------------------------+-------------+
; Number detected on machine ; 8           ;
; Maximum allowed            ; 4           ;
;                            ;             ;
; Average used               ; 1.00        ;
; Maximum used               ; 4           ;
;                            ;             ;
; Usage by Processor         ; % Time Used ;
;     Processor 1            ; 100.0%      ;
;     Processor 2            ;   0.0%      ;
;     Processors 3-4         ;   0.0%      ;
+----------------------------+-------------+


+--------------------------------------------------------------------------------------------------------------------------------------------+
; Analysis & Synthesis Source Files Read                                                                                                     ;
+----------------------------------+-----------------+------------------------------------+----------------------------------------+---------+
; File Name with User-Entered Path ; Used in Netlist ; File Type                          ; File Name with Absolute Path           ; Library ;
+----------------------------------+-----------------+------------------------------------+----------------------------------------+---------+
; sev_seg.v                        ; yes             ; User Verilog HDL File              ; Z:/dcengr/Labs/Lab9/sev_seg.v          ;         ;
; pong12.v                         ; yes             ; User Verilog HDL File              ; Z:/dcengr/Labs/Lab9/pong12.v           ;         ;
; Lab9.bdf                         ; yes             ; User Block Diagram/Schematic File  ; Z:/dcengr/Labs/Lab9/Lab9.bdf           ;         ;
; pong_controller2.v               ; yes             ; User Verilog HDL File              ; Z:/dcengr/Labs/Lab9/pong_controller2.v ;         ;
; counter.v                        ; yes             ; User Verilog HDL File              ; Z:/dcengr/Labs/Lab9/counter.v          ;         ;
; clock_module.v                   ; yes             ; User Verilog HDL File              ; Z:/dcengr/Labs/Lab9/clock_module.v     ;         ;
+----------------------------------+-----------------+------------------------------------+----------------------------------------+---------+


+----------------------------------------------------------------------+
; Analysis & Synthesis Resource Usage Summary                          ;
+---------------------------------------------+------------------------+
; Resource                                    ; Usage                  ;
+---------------------------------------------+------------------------+
; Estimated Total logic elements              ; 98                     ;
;                                             ;                        ;
; Total combinational functions               ; 98                     ;
; Logic element usage by number of LUT inputs ;                        ;
;     -- 4 input functions                    ; 40                     ;
;     -- 3 input functions                    ; 19                     ;
;     -- <=2 input functions                  ; 39                     ;
;                                             ;                        ;
; Logic elements by mode                      ;                        ;
;     -- normal mode                          ; 76                     ;
;     -- arithmetic mode                      ; 22                     ;
;                                             ;                        ;
; Total registers                             ; 53                     ;
;     -- Dedicated logic registers            ; 53                     ;
;     -- I/O registers                        ; 0                      ;
;                                             ;                        ;
; I/O pins                                    ; 34                     ;
;                                             ;                        ;
; Embedded Multiplier 9-bit elements          ; 0                      ;
;                                             ;                        ;
; Maximum fan-out node                        ; clock_module:inst|Mux0 ;
; Maximum fan-out                             ; 27                     ;
; Total fan-out                               ; 478                    ;
; Average fan-out                             ; 2.18                   ;
+---------------------------------------------+------------------------+


+-------------------------------------------------------------------------------------------------------------------------------------------------------------------------------------------------------------------------+
; Analysis & Synthesis Resource Utilization by Entity                                                                                                                                                                     ;
+-----------------------------+---------------------+---------------------------+-------------+--------------+---------+-----------+------+--------------+------------------------------+------------------+--------------+
; Compilation Hierarchy Node  ; Combinational ALUTs ; Dedicated Logic Registers ; Memory Bits ; DSP Elements ; DSP 9x9 ; DSP 18x18 ; Pins ; Virtual Pins ; Full Hierarchy Name          ; Entity Name      ; Library Name ;
+-----------------------------+---------------------+---------------------------+-------------+--------------+---------+-----------+------+--------------+------------------------------+------------------+--------------+
; |Lab9                       ; 98 (0)              ; 53 (0)                    ; 0           ; 0            ; 0       ; 0         ; 34   ; 0            ; |Lab9                        ; Lab9             ; work         ;
;    |bin_7seg:inst1|         ; 7 (7)               ; 0 (0)                     ; 0           ; 0            ; 0       ; 0         ; 0    ; 0            ; |Lab9|bin_7seg:inst1         ; bin_7seg         ; work         ;
;    |bin_7seg:inst4|         ; 7 (7)               ; 0 (0)                     ; 0           ; 0            ; 0       ; 0         ; 0    ; 0            ; |Lab9|bin_7seg:inst4         ; bin_7seg         ; work         ;
;    |clock_module:inst|      ; 34 (34)             ; 26 (26)                   ; 0           ; 0            ; 0       ; 0         ; 0    ; 0            ; |Lab9|clock_module:inst      ; clock_module     ; work         ;
;    |counter:inst6|          ; 5 (5)               ; 4 (4)                     ; 0           ; 0            ; 0       ; 0         ; 0    ; 0            ; |Lab9|counter:inst6          ; counter          ; work         ;
;    |counter:inst7|          ; 5 (5)               ; 4 (4)                     ; 0           ; 0            ; 0       ; 0         ; 0    ; 0            ; |Lab9|counter:inst7          ; counter          ; work         ;
;    |pong12:inst3|           ; 15 (15)             ; 12 (12)                   ; 0           ; 0            ; 0       ; 0         ; 0    ; 0            ; |Lab9|pong12:inst3           ; pong12           ; work         ;
;    |pong_controller2:inst2| ; 25 (25)             ; 7 (7)                     ; 0           ; 0            ; 0       ; 0         ; 0    ; 0            ; |Lab9|pong_controller2:inst2 ; pong_controller2 ; work         ;
+-----------------------------+---------------------+---------------------------+-------------+--------------+---------+-----------+------+--------------+------------------------------+------------------+--------------+
Note: For table entries with two numbers listed, the numbers in parentheses indicate the number of resources of the given type used by the specific entity alone. The numbers listed outside of parentheses indicate the total resources of the given type used by the specific entity and all of its sub-entities in the hierarchy.


Encoding Type:  One-Hot
+-----------------------------------------------------------------------------------------------------------------------------------------------------+
; State Machine - |Lab9|pong_controller2:inst2|PSTATE                                                                                                 ;
+--------------+--------------+--------------+--------------+--------------+--------------+--------------+--------------+--------------+--------------+
; Name         ; PSTATE.sMISR ; PSTATE.sMOVR ; PSTATE.sENDR ; PSTATE.sLSRV ; PSTATE.sMISL ; PSTATE.sMOVL ; PSTATE.sENDL ; PSTATE.sRSRV ; PSTATE.sIDLE ;
+--------------+--------------+--------------+--------------+--------------+--------------+--------------+--------------+--------------+--------------+
; PSTATE.sIDLE ; 0            ; 0            ; 0            ; 0            ; 0            ; 0            ; 0            ; 0            ; 0            ;
; PSTATE.sRSRV ; 0            ; 0            ; 0            ; 0            ; 0            ; 0            ; 0            ; 1            ; 1            ;
; PSTATE.sENDL ; 0            ; 0            ; 0            ; 0            ; 0            ; 0            ; 1            ; 0            ; 1            ;
; PSTATE.sMOVL ; 0            ; 0            ; 0            ; 0            ; 0            ; 1            ; 0            ; 0            ; 1            ;
; PSTATE.sMISL ; 0            ; 0            ; 0            ; 0            ; 1            ; 0            ; 0            ; 0            ; 1            ;
; PSTATE.sLSRV ; 0            ; 0            ; 0            ; 1            ; 0            ; 0            ; 0            ; 0            ; 1            ;
; PSTATE.sENDR ; 0            ; 0            ; 1            ; 0            ; 0            ; 0            ; 0            ; 0            ; 1            ;
; PSTATE.sMOVR ; 0            ; 1            ; 0            ; 0            ; 0            ; 0            ; 0            ; 0            ; 1            ;
; PSTATE.sMISR ; 1            ; 0            ; 0            ; 0            ; 0            ; 0            ; 0            ; 0            ; 1            ;
+--------------+--------------+--------------+--------------+--------------+--------------+--------------+--------------+--------------+--------------+


+-----------------------------------------------------------------------------------------------------------------+
; User-Specified and Inferred Latches                                                                             ;
+----------------------------------------------------+-----------------------------------+------------------------+
; Latch Name                                         ; Latch Enable Signal               ; Free of Timing Hazards ;
+----------------------------------------------------+-----------------------------------+------------------------+
; pong_controller2:inst2|RCT                         ; pong_controller2:inst2|WideOr4    ; yes                    ;
; pong_controller2:inst2|LCT                         ; pong_controller2:inst2|WideOr5    ; yes                    ;
; pong_controller2:inst2|missL                       ; pong_controller2:inst2|Selector16 ; yes                    ;
; pong_controller2:inst2|missR                       ; pong_controller2:inst2|Selector17 ; yes                    ;
; Number of user-specified and inferred latches = 4  ;                                   ;                        ;
+----------------------------------------------------+-----------------------------------+------------------------+
Note: All latches listed above may not be present at the end of synthesis due to various synthesis optimizations.


+--------------------------------------------------------------------------------+
; Registers Removed During Synthesis                                             ;
+---------------------------------------+----------------------------------------+
; Register name                         ; Reason for Removal                     ;
+---------------------------------------+----------------------------------------+
; pong_controller2:inst2|PSTATE~2       ; Lost fanout                            ;
; pong_controller2:inst2|PSTATE~3       ; Lost fanout                            ;
; pong_controller2:inst2|PSTATE~4       ; Lost fanout                            ;
; pong_controller2:inst2|PSTATE~5       ; Lost fanout                            ;
; pong_controller2:inst2|PSTATE.sMISL   ; Stuck at GND due to stuck port data_in ;
; pong_controller2:inst2|PSTATE.sMISR   ; Stuck at GND due to stuck port data_in ;
; clock_module:inst|clk1_counter[6,7]   ; Lost fanout                            ;
; Total Number of Removed Registers = 8 ;                                        ;
+---------------------------------------+----------------------------------------+


+------------------------------------------------------+
; General Register Statistics                          ;
+----------------------------------------------+-------+
; Statistic                                    ; Value ;
+----------------------------------------------+-------+
; Total registers                              ; 53    ;
; Number of registers using Synchronous Clear  ; 6     ;
; Number of registers using Synchronous Load   ; 0     ;
; Number of registers using Asynchronous Clear ; 0     ;
; Number of registers using Asynchronous Load  ; 0     ;
; Number of registers using Clock Enable       ; 20    ;
; Number of registers using Preset             ; 0     ;
+----------------------------------------------+-------+


+--------------------------------------------------+
; Inverted Register Statistics                     ;
+----------------------------------------+---------+
; Inverted Register                      ; Fan out ;
+----------------------------------------+---------+
; clock_module:inst|clk1_counter[5]      ; 2       ;
; clock_module:inst|clk1_counter[3]      ; 2       ;
; clock_module:inst|clk1_counter[2]      ; 2       ;
; clock_module:inst|clk1_counter[1]      ; 2       ;
; clock_module:inst|clk1_counter[4]      ; 1       ;
; clock_module:inst|clk1_counter[0]      ; 2       ;
; Total number of inverted registers = 6 ;         ;
+----------------------------------------+---------+


+------------------------------------------------------------------------------------------------------------------------------------------+
; Multiplexer Restructuring Statistics (Restructuring Performed)                                                                           ;
+--------------------+-----------+---------------+----------------------+------------------------+------------+----------------------------+
; Multiplexer Inputs ; Bus Width ; Baseline Area ; Area if Restructured ; Saving if Restructured ; Registered ; Example Multiplexer Output ;
+--------------------+-----------+---------------+----------------------+------------------------+------------+----------------------------+
; 3:1                ; 4 bits    ; 8 LEs         ; 4 LEs                ; 4 LEs                  ; Yes        ; |Lab9|counter:inst6|out[3] ;
; 3:1                ; 4 bits    ; 8 LEs         ; 4 LEs                ; 4 LEs                  ; Yes        ; |Lab9|counter:inst7|out[3] ;
; 3:1                ; 12 bits   ; 24 LEs        ; 24 LEs               ; 0 LEs                  ; Yes        ; |Lab9|pong12:inst3|Q[11]   ;
+--------------------+-----------+---------------+----------------------+------------------------+------------+----------------------------+


+---------------------------------------------------------------------+
; Parameter Settings for User Entity Instance: pong_controller2:inst2 ;
+----------------+-------+--------------------------------------------+
; Parameter Name ; Value ; Type                                       ;
+----------------+-------+--------------------------------------------+
; sIDLE          ; 0000  ; Unsigned Binary                            ;
; sRSRV          ; 0001  ; Unsigned Binary                            ;
; sENDL          ; 0010  ; Unsigned Binary                            ;
; sMOVL          ; 0011  ; Unsigned Binary                            ;
; sMISL          ; 0100  ; Unsigned Binary                            ;
; sLSRV          ; 1001  ; Unsigned Binary                            ;
; sENDR          ; 1010  ; Unsigned Binary                            ;
; sMOVR          ; 1011  ; Unsigned Binary                            ;
; sMISR          ; 1100  ; Unsigned Binary                            ;
+----------------+-------+--------------------------------------------+
Note: In order to hide this table in the UI and the text report file, please set the "Show Parameter Settings in Synthesis Report" option in "Analysis and Synthesis Settings -> More Settings" to "Off".


+-----------------------------------------------------+
; Post-Synthesis Netlist Statistics for Top Partition ;
+-----------------------+-----------------------------+
; Type                  ; Count                       ;
+-----------------------+-----------------------------+
; boundary_port         ; 34                          ;
; cycloneiii_ff         ; 53                          ;
;     ENA               ; 14                          ;
;     ENA SCLR          ; 6                           ;
;     plain             ; 33                          ;
; cycloneiii_lcell_comb ; 100                         ;
;     arith             ; 22                          ;
;         2 data inputs ; 20                          ;
;         3 data inputs ; 2                           ;
;     normal            ; 78                          ;
;         1 data inputs ; 11                          ;
;         2 data inputs ; 10                          ;
;         3 data inputs ; 17                          ;
;         4 data inputs ; 40                          ;
;                       ;                             ;
; Max LUT depth         ; 3.00                        ;
; Average LUT depth     ; 2.02                        ;
+-----------------------+-----------------------------+


+-------------------------------+
; Elapsed Time Per Partition    ;
+----------------+--------------+
; Partition Name ; Elapsed Time ;
+----------------+--------------+
; Top            ; 00:00:00     ;
+----------------+--------------+


+-------------------------------+
; Analysis & Synthesis Messages ;
+-------------------------------+
Info: *******************************************************************
Info: Running Quartus Prime Analysis & Synthesis
    Info: Version 18.1.0 Build 625 09/12/2018 SJ Lite Edition
    Info: Processing started: Thu Dec 05 17:49:45 2019
Info: Command: quartus_map --read_settings_files=on --write_settings_files=off Lab9 -c Lab9
Warning (18236): Number of processors has not been specified which may cause overloading on shared machines.  Set the global assignment NUM_PARALLEL_PROCESSORS in your QSF to an appropriate value for best performance.
Info (20030): Parallel compilation is enabled and will use 4 of the 4 processors detected
Info (12021): Found 1 design units, including 1 entities, in source file usr4.v
    Info (12023): Found entity 1: USR4 File: Z:/dcengr/Labs/Lab9/USR4.v Line: 1
Info (12021): Found 1 design units, including 1 entities, in source file sev_seg.v
    Info (12023): Found entity 1: bin_7seg File: Z:/dcengr/Labs/Lab9/sev_seg.v Line: 1
Info (12021): Found 1 design units, including 1 entities, in source file pong4.v
    Info (12023): Found entity 1: pong4 File: Z:/dcengr/Labs/Lab9/pong4.v Line: 1
Info (12021): Found 1 design units, including 1 entities, in source file pong_controller1.v
    Info (12023): Found entity 1: pong_controller1 File: Z:/dcengr/Labs/Lab9/pong_controller1.v Line: 1
Info (12021): Found 1 design units, including 1 entities, in source file pong12.v
    Info (12023): Found entity 1: pong12 File: Z:/dcengr/Labs/Lab9/pong12.v Line: 1
Info (12021): Found 1 design units, including 1 entities, in source file pb_clock.v
    Info (12023): Found entity 1: pb_clock File: Z:/dcengr/Labs/Lab9/pb_clock.v Line: 1
Info (12021): Found 1 design units, including 1 entities, in source file lab9.bdf
    Info (12023): Found entity 1: Lab9
Info (12021): Found 1 design units, including 1 entities, in source file pong_controller2.v
    Info (12023): Found entity 1: pong_controller2 File: Z:/dcengr/Labs/Lab9/pong_controller2.v Line: 2
Info (12021): Found 1 design units, including 1 entities, in source file counter.v
    Info (12023): Found entity 1: counter File: Z:/dcengr/Labs/Lab9/counter.v Line: 2
Info (12021): Found 1 design units, including 1 entities, in source file clock_module.v
    Info (12023): Found entity 1: clock_module File: Z:/dcengr/Labs/Lab9/clock_module.v Line: 2
Info (12127): Elaborating entity "Lab9" for the top level hierarchy
Warning (275011): Block or symbol "NOT" of instance "inst9" overlaps another block or symbol
Warning (275011): Block or symbol "NOT" of instance "inst11" overlaps another block or symbol
Info (12128): Elaborating entity "bin_7seg" for hierarchy "bin_7seg:inst1"
Info (12128): Elaborating entity "counter" for hierarchy "counter:inst6"
Info (12128): Elaborating entity "clock_module" for hierarchy "clock_module:inst"
Info (12128): Elaborating entity "pong_controller2" for hierarchy "pong_controller2:inst2"
Warning (10235): Verilog HDL Always Construct warning at pong_controller2.v(14): variable "iRSRV" is read inside the Always Construct but isn't in the Always Construct's Event Control File: Z:/dcengr/Labs/Lab9/pong_controller2.v Line: 14
Warning (10235): Verilog HDL Always Construct warning at pong_controller2.v(15): variable "iLSRV" is read inside the Always Construct but isn't in the Always Construct's Event Control File: Z:/dcengr/Labs/Lab9/pong_controller2.v Line: 15
Warning (10235): Verilog HDL Always Construct warning at pong_controller2.v(23): variable "iRESET" is read inside the Always Construct but isn't in the Always Construct's Event Control File: Z:/dcengr/Labs/Lab9/pong_controller2.v Line: 23
Warning (10235): Verilog HDL Always Construct warning at pong_controller2.v(26): variable "iRESET" is read inside the Always Construct but isn't in the Always Construct's Event Control File: Z:/dcengr/Labs/Lab9/pong_controller2.v Line: 26
Warning (10235): Verilog HDL Always Construct warning at pong_controller2.v(29): variable "iRESET" is read inside the Always Construct but isn't in the Always Construct's Event Control File: Z:/dcengr/Labs/Lab9/pong_controller2.v Line: 29
Warning (10235): Verilog HDL Always Construct warning at pong_controller2.v(30): variable "iLPAD" is read inside the Always Construct but isn't in the Always Construct's Event Control File: Z:/dcengr/Labs/Lab9/pong_controller2.v Line: 30
Warning (10235): Verilog HDL Always Construct warning at pong_controller2.v(30): variable "QLEFT" is read inside the Always Construct but isn't in the Always Construct's Event Control File: Z:/dcengr/Labs/Lab9/pong_controller2.v Line: 30
Warning (10235): Verilog HDL Always Construct warning at pong_controller2.v(31): variable "QLEFT" is read inside the Always Construct but isn't in the Always Construct's Event Control File: Z:/dcengr/Labs/Lab9/pong_controller2.v Line: 31
Warning (10235): Verilog HDL Always Construct warning at pong_controller2.v(31): variable "iLPAD" is read inside the Always Construct but isn't in the Always Construct's Event Control File: Z:/dcengr/Labs/Lab9/pong_controller2.v Line: 31
Warning (10235): Verilog HDL Always Construct warning at pong_controller2.v(31): variable "missL" is read inside the Always Construct but isn't in the Always Construct's Event Control File: Z:/dcengr/Labs/Lab9/pong_controller2.v Line: 31
Warning (10235): Verilog HDL Always Construct warning at pong_controller2.v(32): variable "QLEFT" is read inside the Always Construct but isn't in the Always Construct's Event Control File: Z:/dcengr/Labs/Lab9/pong_controller2.v Line: 32
Warning (10235): Verilog HDL Always Construct warning at pong_controller2.v(35): variable "iRESET" is read inside the Always Construct but isn't in the Always Construct's Event Control File: Z:/dcengr/Labs/Lab9/pong_controller2.v Line: 35
Warning (10235): Verilog HDL Always Construct warning at pong_controller2.v(36): variable "iRPAD" is read inside the Always Construct but isn't in the Always Construct's Event Control File: Z:/dcengr/Labs/Lab9/pong_controller2.v Line: 36
Warning (10235): Verilog HDL Always Construct warning at pong_controller2.v(36): variable "QRIGHT" is read inside the Always Construct but isn't in the Always Construct's Event Control File: Z:/dcengr/Labs/Lab9/pong_controller2.v Line: 36
Warning (10235): Verilog HDL Always Construct warning at pong_controller2.v(37): variable "QRIGHT" is read inside the Always Construct but isn't in the Always Construct's Event Control File: Z:/dcengr/Labs/Lab9/pong_controller2.v Line: 37
Warning (10235): Verilog HDL Always Construct warning at pong_controller2.v(37): variable "iRPAD" is read inside the Always Construct but isn't in the Always Construct's Event Control File: Z:/dcengr/Labs/Lab9/pong_controller2.v Line: 37
Warning (10235): Verilog HDL Always Construct warning at pong_controller2.v(37): variable "missR" is read inside the Always Construct but isn't in the Always Construct's Event Control File: Z:/dcengr/Labs/Lab9/pong_controller2.v Line: 37
Warning (10235): Verilog HDL Always Construct warning at pong_controller2.v(38): variable "QRIGHT" is read inside the Always Construct but isn't in the Always Construct's Event Control File: Z:/dcengr/Labs/Lab9/pong_controller2.v Line: 38
Warning (10240): Verilog HDL Always Construct warning at pong_controller2.v(9): inferring latch(es) for variable "RCT", which holds its previous value in one or more paths through the always construct File: Z:/dcengr/Labs/Lab9/pong_controller2.v Line: 9
Warning (10240): Verilog HDL Always Construct warning at pong_controller2.v(9): inferring latch(es) for variable "LCT", which holds its previous value in one or more paths through the always construct File: Z:/dcengr/Labs/Lab9/pong_controller2.v Line: 9
Warning (10240): Verilog HDL Always Construct warning at pong_controller2.v(9): inferring latch(es) for variable "missR", which holds its previous value in one or more paths through the always construct File: Z:/dcengr/Labs/Lab9/pong_controller2.v Line: 9
Warning (10240): Verilog HDL Always Construct warning at pong_controller2.v(9): inferring latch(es) for variable "missL", which holds its previous value in one or more paths through the always construct File: Z:/dcengr/Labs/Lab9/pong_controller2.v Line: 9
Warning (10270): Verilog HDL Case Statement warning at pong_controller2.v(71): incomplete case statement has no default case item File: Z:/dcengr/Labs/Lab9/pong_controller2.v Line: 71
Info (10264): Verilog HDL Case Statement information at pong_controller2.v(71): all case item expressions in this case statement are onehot File: Z:/dcengr/Labs/Lab9/pong_controller2.v Line: 71
Warning (10240): Verilog HDL Always Construct warning at pong_controller2.v(70): inferring latch(es) for variable "LSI", which holds its previous value in one or more paths through the always construct File: Z:/dcengr/Labs/Lab9/pong_controller2.v Line: 70
Warning (10240): Verilog HDL Always Construct warning at pong_controller2.v(70): inferring latch(es) for variable "RSI", which holds its previous value in one or more paths through the always construct File: Z:/dcengr/Labs/Lab9/pong_controller2.v Line: 70
Warning (10240): Verilog HDL Always Construct warning at pong_controller2.v(70): inferring latch(es) for variable "S", which holds its previous value in one or more paths through the always construct File: Z:/dcengr/Labs/Lab9/pong_controller2.v Line: 70
Info (10041): Inferred latch for "S[0]" at pong_controller2.v(70) File: Z:/dcengr/Labs/Lab9/pong_controller2.v Line: 70
Info (10041): Inferred latch for "S[1]" at pong_controller2.v(70) File: Z:/dcengr/Labs/Lab9/pong_controller2.v Line: 70
Info (10041): Inferred latch for "RSI" at pong_controller2.v(70) File: Z:/dcengr/Labs/Lab9/pong_controller2.v Line: 70
Info (10041): Inferred latch for "LSI" at pong_controller2.v(70) File: Z:/dcengr/Labs/Lab9/pong_controller2.v Line: 70
Info (10041): Inferred latch for "missL" at pong_controller2.v(9) File: Z:/dcengr/Labs/Lab9/pong_controller2.v Line: 9
Info (10041): Inferred latch for "missR" at pong_controller2.v(9) File: Z:/dcengr/Labs/Lab9/pong_controller2.v Line: 9
Info (10041): Inferred latch for "LCT" at pong_controller2.v(9) File: Z:/dcengr/Labs/Lab9/pong_controller2.v Line: 9
Info (10041): Inferred latch for "RCT" at pong_controller2.v(9) File: Z:/dcengr/Labs/Lab9/pong_controller2.v Line: 9
Info (12128): Elaborating entity "pong12" for hierarchy "pong12:inst3"
Warning (19016): Clock multiplexers are found and protected
    Warning (19017): Found clock multiplexer clock_module:inst|Mux0 File: Z:/dcengr/Labs/Lab9/clock_module.v Line: 15
Warning (14026): LATCH primitive "pong_controller2:inst2|S[1]" is permanently enabled File: Z:/dcengr/Labs/Lab9/pong_controller2.v Line: 70
Warning (14026): LATCH primitive "pong_controller2:inst2|S[0]" is permanently enabled File: Z:/dcengr/Labs/Lab9/pong_controller2.v Line: 70
Warning (14026): LATCH primitive "pong_controller2:inst2|RSI" is permanently enabled File: Z:/dcengr/Labs/Lab9/pong_controller2.v Line: 4
Warning (14026): LATCH primitive "pong_controller2:inst2|LSI" is permanently enabled File: Z:/dcengr/Labs/Lab9/pong_controller2.v Line: 4
Warning (13012): Latch pong_controller2:inst2|RCT has unsafe behavior File: Z:/dcengr/Labs/Lab9/pong_controller2.v Line: 4
    Warning (13013): Ports D and ENA on the latch are fed by the same signal pong_controller2:inst2|PSTATE.sENDL File: Z:/dcengr/Labs/Lab9/pong_controller2.v Line: 6
Warning (13012): Latch pong_controller2:inst2|LCT has unsafe behavior File: Z:/dcengr/Labs/Lab9/pong_controller2.v Line: 4
    Warning (13013): Ports D and ENA on the latch are fed by the same signal pong_controller2:inst2|PSTATE.sENDR File: Z:/dcengr/Labs/Lab9/pong_controller2.v Line: 6
Warning (13012): Latch pong_controller2:inst2|missL has unsafe behavior File: Z:/dcengr/Labs/Lab9/pong_controller2.v Line: 8
    Warning (13013): Ports D and ENA on the latch are fed by the same signal pong_controller2:inst2|PSTATE.sIDLE File: Z:/dcengr/Labs/Lab9/pong_controller2.v Line: 6
Warning (13012): Latch pong_controller2:inst2|missR has unsafe behavior File: Z:/dcengr/Labs/Lab9/pong_controller2.v Line: 8
    Warning (13013): Ports D and ENA on the latch are fed by the same signal pong_controller2:inst2|PSTATE.sIDLE File: Z:/dcengr/Labs/Lab9/pong_controller2.v Line: 6
Info (286030): Timing-Driven Synthesis is running
Info (17049): 6 registers lost all their fanouts during netlist optimizations.
Info (144001): Generated suppressed messages file Z:/dcengr/Labs/Lab9/output_files/Lab9.map.smsg
Info (16010): Generating hard_block partition "hard_block:auto_generated_inst"
    Info (16011): Adding 0 node(s), including 0 DDIO, 0 PLL, 0 transceiver and 0 LCELL
Info (21057): Implemented 132 device resources after synthesis - the final resource count might be different
    Info (21058): Implemented 8 input pins
    Info (21059): Implemented 26 output pins
    Info (21061): Implemented 98 logic cells
Info: Quartus Prime Analysis & Synthesis was successful. 0 errors, 43 warnings
    Info: Peak virtual memory: 4779 megabytes
    Info: Processing ended: Thu Dec 05 17:50:10 2019
    Info: Elapsed time: 00:00:25
    Info: Total CPU time (on all processors): 00:00:30


+------------------------------------------+
; Analysis & Synthesis Suppressed Messages ;
+------------------------------------------+
The suppressed messages can be found in Z:/dcengr/Labs/Lab9/output_files/Lab9.map.smsg.


