Flow report for Lab4
Thu Oct 24 16:44:26 2019
Quartus Prime Version 18.1.0 Build 625 09/12/2018 SJ Lite Edition


---------------------
; Table of Contents ;
---------------------
  1. Legal Notice
  2. Flow Summary
  3. Flow Settings
  4. Flow Non-Default Global Settings
  5. Flow Elapsed Time
  6. Flow OS Summary
  7. Flow Log
  8. Flow Messages
  9. Flow Suppressed Messages



----------------
; Legal Notice ;
----------------
Copyright (C) 2018  Intel Corporation. All rights reserved.
Your use of Intel Corporation's design tools, logic functions 
and other software and tools, and its AMPP partner logic 
functions, and any output files from any of the foregoing 
(including device programming or simulation files), and any 
associated documentation or information are expressly subject 
to the terms and conditions of the Intel Program License 
Subscription Agreement, the Intel Quartus Prime License Agreement,
the Intel FPGA IP License Agreement, or other applicable license
agreement, including, without limitation, that your use is for
the sole purpose of programming logic devices manufactured by
Intel and sold by Intel or its authorized distributors.  Please
refer to the applicable agreement for further details.



+----------------------------------------------------------------------------------+
; Flow Summary                                                                     ;
+------------------------------------+---------------------------------------------+
; Flow Status                        ; Successful - Thu Oct 24 16:44:26 2019       ;
; Quartus Prime Version              ; 18.1.0 Build 625 09/12/2018 SJ Lite Edition ;
; Revision Name                      ; Lab4                                        ;
; Top-level Entity Name              ; Main                                        ;
; Family                             ; Cyclone IV E                                ;
; Device                             ; EP4CE115F29C7                               ;
; Timing Models                      ; Final                                       ;
; Total logic elements               ; 3 / 114,480 ( < 1 % )                       ;
;     Total combinational functions  ; 3 / 114,480 ( < 1 % )                       ;
;     Dedicated logic registers      ; 0 / 114,480 ( 0 % )                         ;
; Total registers                    ; 0                                           ;
; Total pins                         ; 7 / 529 ( 1 % )                             ;
; Total virtual pins                 ; 0                                           ;
; Total memory bits                  ; 0 / 3,981,312 ( 0 % )                       ;
; Embedded Multiplier 9-bit elements ; 0 / 532 ( 0 % )                             ;
; Total PLLs                         ; 0 / 4 ( 0 % )                               ;
+------------------------------------+---------------------------------------------+


+-----------------------------------------+
; Flow Settings                           ;
+-------------------+---------------------+
; Option            ; Setting             ;
+-------------------+---------------------+
; Start date & time ; 10/24/2019 16:25:17 ;
; Main task         ; Compilation         ;
; Revision Name     ; Lab4                ;
+-------------------+---------------------+


+-------------------------------------------------------------------------------------------------------------------------+
; Flow Non-Default Global Settings                                                                                        ;
+-------------------------------------+----------------------------------------+---------------+-------------+------------+
; Assignment Name                     ; Value                                  ; Default Value ; Entity Name ; Section Id ;
+-------------------------------------+----------------------------------------+---------------+-------------+------------+
; COMPILER_SIGNATURE_ID               ; 26830025747549.157195951608380         ; --            ; --          ; --         ;
; MAX_CORE_JUNCTION_TEMP              ; 85                                     ; --            ; --          ; --         ;
; MIN_CORE_JUNCTION_TEMP              ; 0                                      ; --            ; --          ; --         ;
; NOMINAL_CORE_SUPPLY_VOLTAGE         ; 1.2V                                   ; --            ; --          ; --         ;
; PARTITION_COLOR                     ; -- (Not supported for targeted family) ; --            ; Main        ; Top        ;
; PARTITION_FITTER_PRESERVATION_LEVEL ; -- (Not supported for targeted family) ; --            ; Main        ; Top        ;
; PARTITION_NETLIST_TYPE              ; -- (Not supported for targeted family) ; --            ; Main        ; Top        ;
; PROJECT_OUTPUT_DIRECTORY            ; output_files                           ; --            ; --          ; --         ;
; TOP_LEVEL_ENTITY                    ; Main                                   ; Lab4          ; --          ; --         ;
+-------------------------------------+----------------------------------------+---------------+-------------+------------+


+--------------------------------------------------------------------------------------------------------------------------+
; Flow Elapsed Time                                                                                                        ;
+----------------------+--------------+-------------------------+---------------------+------------------------------------+
; Module Name          ; Elapsed Time ; Average Processors Used ; Peak Virtual Memory ; Total CPU Time (on all processors) ;
+----------------------+--------------+-------------------------+---------------------+------------------------------------+
; Analysis & Synthesis ; 00:00:24     ; 1.0                     ; 4742 MB             ; 00:00:30                           ;
; Fitter               ; 00:00:14     ; 1.0                     ; 5594 MB             ; 00:00:17                           ;
; Assembler            ; 00:00:06     ; 1.0                     ; 4687 MB             ; 00:00:04                           ;
; Timing Analyzer      ; 00:00:09     ; 1.0                     ; 4823 MB             ; 00:00:05                           ;
; EDA Netlist Writer   ; 00:00:03     ; 1.0                     ; 4627 MB             ; 00:00:02                           ;
; EDA Netlist Writer   ; 00:00:03     ; 1.0                     ; 4627 MB             ; 00:00:02                           ;
; EDA Netlist Writer   ; 00:00:03     ; 1.0                     ; 4627 MB             ; 00:00:02                           ;
; EDA Netlist Writer   ; 00:00:03     ; 1.0                     ; 4636 MB             ; 00:00:02                           ;
; EDA Netlist Writer   ; 00:00:03     ; 1.0                     ; 4627 MB             ; 00:00:02                           ;
; EDA Netlist Writer   ; 00:00:04     ; 1.0                     ; 4635 MB             ; 00:00:03                           ;
; EDA Netlist Writer   ; 00:00:03     ; 1.0                     ; 4627 MB             ; 00:00:02                           ;
; EDA Netlist Writer   ; 00:00:04     ; 1.0                     ; 4636 MB             ; 00:00:03                           ;
; EDA Netlist Writer   ; 00:00:04     ; 1.0                     ; 4627 MB             ; 00:00:02                           ;
; EDA Netlist Writer   ; 00:00:03     ; 1.0                     ; 4635 MB             ; 00:00:02                           ;
; EDA Netlist Writer   ; 00:00:03     ; 1.0                     ; 4627 MB             ; 00:00:02                           ;
; EDA Netlist Writer   ; 00:00:03     ; 1.0                     ; 4636 MB             ; 00:00:03                           ;
; EDA Netlist Writer   ; 00:00:03     ; 1.0                     ; 4628 MB             ; 00:00:02                           ;
; EDA Netlist Writer   ; 00:00:03     ; 1.0                     ; 4636 MB             ; 00:00:02                           ;
; Total                ; 00:01:38     ; --                      ; --                  ; 00:01:27                           ;
+----------------------+--------------+-------------------------+---------------------+------------------------------------+


+------------------------------------------------------------------------------------+
; Flow OS Summary                                                                    ;
+----------------------+------------------+------------+------------+----------------+
; Module Name          ; Machine Hostname ; OS Name    ; OS Version ; Processor type ;
+----------------------+------------------+------------+------------+----------------+
; Analysis & Synthesis ; win21412         ; Windows 10 ; 10.0       ; x86_64         ;
; Fitter               ; win21412         ; Windows 10 ; 10.0       ; x86_64         ;
; Assembler            ; win21412         ; Windows 10 ; 10.0       ; x86_64         ;
; Timing Analyzer      ; win21412         ; Windows 10 ; 10.0       ; x86_64         ;
; EDA Netlist Writer   ; win21412         ; Windows 10 ; 10.0       ; x86_64         ;
; EDA Netlist Writer   ; win21412         ; Windows 10 ; 10.0       ; x86_64         ;
; EDA Netlist Writer   ; win21412         ; Windows 10 ; 10.0       ; x86_64         ;
; EDA Netlist Writer   ; win21412         ; Windows 10 ; 10.0       ; x86_64         ;
; EDA Netlist Writer   ; win21412         ; Windows 10 ; 10.0       ; x86_64         ;
; EDA Netlist Writer   ; win21412         ; Windows 10 ; 10.0       ; x86_64         ;
; EDA Netlist Writer   ; win21412         ; Windows 10 ; 10.0       ; x86_64         ;
; EDA Netlist Writer   ; win21412         ; Windows 10 ; 10.0       ; x86_64         ;
; EDA Netlist Writer   ; win21412         ; Windows 10 ; 10.0       ; x86_64         ;
; EDA Netlist Writer   ; win21412         ; Windows 10 ; 10.0       ; x86_64         ;
; EDA Netlist Writer   ; win21412         ; Windows 10 ; 10.0       ; x86_64         ;
; EDA Netlist Writer   ; win21412         ; Windows 10 ; 10.0       ; x86_64         ;
; EDA Netlist Writer   ; win21412         ; Windows 10 ; 10.0       ; x86_64         ;
; EDA Netlist Writer   ; win21412         ; Windows 10 ; 10.0       ; x86_64         ;
+----------------------+------------------+------------+------------+----------------+


------------
; Flow Log ;
------------
quartus_map --read_settings_files=on --write_settings_files=off Lab4 -c Lab4
quartus_fit --read_settings_files=off --write_settings_files=off Lab4 -c Lab4
quartus_asm --read_settings_files=off --write_settings_files=off Lab4 -c Lab4
quartus_sta Lab4 -c Lab4
quartus_eda --gen_testbench --tool=modelsim_oem --format=verilog --write_settings_files=off Lab4 -c Lab4 --vector_source=Z:/dcengr/Labs/Lab4/Waveform1.vwf --testbench_file=Z:/dcengr/Labs/Lab4/simulation/qsim/Waveform1.vwf.vt
quartus_eda --gen_testbench --tool=modelsim_oem --format=verilog --write_settings_files=off Lab4 -c Lab4 --vector_source=Z:/dcengr/Labs/Lab4/Waveform1.vwf --testbench_file=Z:/dcengr/Labs/Lab4/simulation/qsim/Waveform1.vwf.vt
quartus_eda --gen_testbench --tool=modelsim_oem --format=verilog --write_settings_files=off Lab4 -c Lab4 --vector_source=Z:/dcengr/Labs/Lab4/Waveform.vwf --testbench_file=Z:/dcengr/Labs/Lab4/simulation/qsim/Waveform.vwf.vt
quartus_eda --write_settings_files=off --simulation=on --functional=on --flatten_buses=off --tool=modelsim_oem --format=verilog --output_directory=Z:/dcengr/Labs/Lab4/simulation/qsim/ Lab4 -c Lab4
quartus_eda --gen_testbench --tool=modelsim_oem --format=verilog --write_settings_files=off Lab4 -c Lab4 --vector_source=Z:/dcengr/Labs/Lab4/Waveform.vwf --testbench_file=Z:/dcengr/Labs/Lab4/simulation/qsim/Waveform.vwf.vt
quartus_eda --write_settings_files=off --simulation=on --functional=on --flatten_buses=off --tool=modelsim_oem --format=verilog --output_directory=Z:/dcengr/Labs/Lab4/simulation/qsim/ Lab4 -c Lab4
quartus_eda --gen_testbench --tool=modelsim_oem --format=verilog --write_settings_files=off Lab4 -c Lab4 --vector_source=Z:/dcengr/Labs/Lab4/Waveform.vwf --testbench_file=Z:/dcengr/Labs/Lab4/simulation/qsim/Waveform.vwf.vt
quartus_eda --write_settings_files=off --simulation=on --functional=on --flatten_buses=off --tool=modelsim_oem --format=verilog --output_directory=Z:/dcengr/Labs/Lab4/simulation/qsim/ Lab4 -c Lab4
quartus_eda --gen_testbench --tool=modelsim_oem --format=verilog --write_settings_files=off Lab4 -c Lab4 --vector_source=Z:/dcengr/Labs/Lab4/Waveform.vwf --testbench_file=Z:/dcengr/Labs/Lab4/simulation/qsim/Waveform.vwf.vt
quartus_eda --write_settings_files=off --simulation=on --functional=on --flatten_buses=off --tool=modelsim_oem --format=verilog --output_directory=Z:/dcengr/Labs/Lab4/simulation/qsim/ Lab4 -c Lab4
quartus_eda --gen_testbench --tool=modelsim_oem --format=verilog --write_settings_files=off Lab4 -c Lab4 --vector_source=Z:/dcengr/Labs/Lab4/Waveform.vwf --testbench_file=Z:/dcengr/Labs/Lab4/simulation/qsim/Waveform.vwf.vt
quartus_eda --write_settings_files=off --simulation=on --functional=on --flatten_buses=off --tool=modelsim_oem --format=verilog --output_directory=Z:/dcengr/Labs/Lab4/simulation/qsim/ Lab4 -c Lab4
quartus_eda --gen_testbench --tool=modelsim_oem --format=verilog --write_settings_files=off Lab4 -c Lab4 --vector_source=Z:/dcengr/Labs/Lab4/Waveform.vwf --testbench_file=Z:/dcengr/Labs/Lab4/simulation/qsim/Waveform.vwf.vt
quartus_eda --write_settings_files=off --simulation=on --functional=on --flatten_buses=off --tool=modelsim_oem --format=verilog --output_directory=Z:/dcengr/Labs/Lab4/simulation/qsim/ Lab4 -c Lab4



